# JRE version: Java(TM) SE Runtime Environment (8.0_25-b18) (build 1.8.0_25-b18)
# Java VM: Java HotSpot(TM) 64-Bit Server VM (25.25-b02 mixed mode windows-amd64 compressed oops)
Heap:
 PSYoungGen      total 28672K, used 2951K [0x00000000e0000000, 0x00000000e2000000, 0x0000000100000000)
  eden space 24576K, 12% used [0x00000000e0000000,0x00000000e02e1c40,0x00000000e1800000)
  from space 4096K, 0% used [0x00000000e1800000,0x00000000e1800000,0x00000000e1c00000)
  to   space 4096K, 0% used [0x00000000e1c00000,0x00000000e1c00000,0x00000000e2000000)
 ParOldGen       total 65536K, used 2763K [0x00000000a0000000, 0x00000000a4000000, 0x00000000e0000000)
  object space 65536K, 4% used [0x00000000a0000000,0x00000000a02b2d70,0x00000000a4000000)
 Metaspace       used 11762K, capacity 11883K, committed 12032K, reserved 1060864K
  class space    used 1452K, capacity 1502K, committed 1536K, reserved 1048576K
GC Heap History (4 events):
Event: 1.990 GC heap before
{Heap before GC invocations=1 (full 0):
 PSYoungGen      total 28672K, used 9516K [0x00000000e0000000, 0x00000000e2000000, 0x0000000100000000)
  eden space 24576K, 38% used [0x00000000e0000000,0x00000000e094b188,0x00000000e1800000)
  from space 4096K, 0% used [0x00000000e1c00000,0x00000000e1c00000,0x00000000e2000000)
  to   space 4096K, 0% used [0x00000000e1800000,0x00000000e1800000,0x00000000e1c00000)
 ParOldGen       total 65536K, used 0K [0x00000000a0000000, 0x00000000a4000000, 0x00000000e0000000)
  object space 65536K, 0% used [0x00000000a0000000,0x00000000a0000000,0x00000000a4000000)
 Metaspace       used 11329K, capacity 11437K, committed 11776K, reserved 1058816K
  class space    used 1407K, capacity 1439K, committed 1536K, reserved 1048576K
Event: 1.999 GC heap after
Heap after GC invocations=1 (full 0):
 PSYoungGen      total 28672K, used 2815K [0x00000000e0000000, 0x00000000e2000000, 0x0000000100000000)
  eden space 24576K, 0% used [0x00000000e0000000,0x00000000e0000000,0x00000000e1800000)
  from space 4096K, 68% used [0x00000000e1800000,0x00000000e1abff10,0x00000000e1c00000)
  to   space 4096K, 0% used [0x00000000e1c00000,0x00000000e1c00000,0x00000000e2000000)
 ParOldGen       total 65536K, used 8K [0x00000000a0000000, 0x00000000a4000000, 0x00000000e0000000)
  object space 65536K, 0% used [0x00000000a0000000,0x00000000a0002000,0x00000000a4000000)
 Metaspace       used 11329K, capacity 11437K, committed 11776K, reserved 1058816K
  class space    used 1407K, capacity 1439K, committed 1536K, reserved 1048576K
}
Event: 1.999 GC heap before
{Heap before GC invocations=2 (full 1):
 PSYoungGen      total 28672K, used 2815K [0x00000000e0000000, 0x00000000e2000000, 0x0000000100000000)
  eden space 24576K, 0% used [0x00000000e0000000,0x00000000e0000000,0x00000000e1800000)
  from space 4096K, 68% used [0x00000000e1800000,0x00000000e1abff10,0x00000000e1c00000)
  to   space 4096K, 0% used [0x00000000e1c00000,0x00000000e1c00000,0x00000000e2000000)
 ParOldGen       total 65536K, used 8K [0x00000000a0000000, 0x00000000a4000000, 0x00000000e0000000)
  object space 65536K, 0% used [0x00000000a0000000,0x00000000a0002000,0x00000000a4000000)
 Metaspace       used 11329K, capacity 11437K, committed 11776K, reserved 1058816K
  class space    used 1407K, capacity 1439K, committed 1536K, reserved 1048576K
Event: 2.030 GC heap after
Heap after GC invocations=2 (full 1):
 PSYoungGen      total 28672K, used 0K [0x00000000e0000000, 0x00000000e2000000, 0x0000000100000000)
  eden space 24576K, 0% used [0x00000000e0000000,0x00000000e0000000,0x00000000e1800000)
  from space 4096K, 0% used [0x00000000e1800000,0x00000000e1800000,0x00000000e1c00000)
  to   space 4096K, 0% used [0x00000000e1c00000,0x00000000e1c00000,0x00000000e2000000)
 ParOldGen       total 65536K, used 2763K [0x00000000a0000000, 0x00000000a4000000, 0x00000000e0000000)
  object space 65536K, 4% used [0x00000000a0000000,0x00000000a02b2d70,0x00000000a4000000)
 Metaspace       used 11328K, capacity 11435K, committed 11776K, reserved 1058816K
  class space    used 1406K, capacity 1438K, committed 1536K, reserved 1048576K
}

